He (12)
assembly (12)
party said (12)
party fresh (12)
party (12)
population (12)
demanded delimitation (12)
demanded fresh (12)
demanded (12)
consensus (12)
told census (12)
told 2017 (12)
told (12)
lower house (12)
lower seats (12)
lower (12)
agreed fresh (12)
agreed (12)
house seats (12)
house (12)
time elections (12)
time next (12)
time (12)
general elections (12)
general next (12)
general (12)
Thursday (12)
Punjab (12)
increase seats (16)
increase (16)
increase number (12)
decision (16)
decision delimitation (12)
decision fresh (12)
made (16)
made delimitation (12)
made fresh (12)
NA (16)
NA would (12)
NA meeting (12)
NA delimitation (12)
census (24)
census 2017 (16)
elections next (16)
elections (16)
elections fresh (12)
constituencies delimitation (16)
constituencies (16)
constituencies fresh (12)
2017 (20)
held (16)
held next (12)
held meeting (12)
” (24)
” said (12)
” delimitation (12)
number (24)
number seats (20)
number delimitation (16)
number fresh (16)
next (20)
next The (12)
next fresh (12)
Assembly National (16)
Assembly (16)
Assembly Pakistan (12)
Assembly delimitation (12)
Assembly fresh (12)
would (24)
would said (12)
would meeting (12)
would seats (12)
would delimitation (12)
would fresh (16)
Pakistan National (16)
Pakistan (16)
Pakistan fresh (12)
said (36)
said fresh (16)
The (28)
The National (12)
The meeting (12)
The seats (16)
The fresh (12)
National (20)
National seats (12)
National delimitation (12)
National fresh (16)
meeting (20)
seats (40)
seats delimitation (16)
seats fresh (20)
delimitation (36)
delimitation fresh (32)
fresh (44)

formula (13.6364)
Abbasi meeting (13.6364)
Abbasi Sharif (13.6364)
Abbasi (13.6364)
official (13.6364)
Pakistan (18.1818)
claimants party (13.6364)
claimants (13.6364)
Nawaz meeting (13.6364)
Nawaz Sharif (13.6364)
Nawaz (13.6364)
PML-N minister (13.6364)
PML-N Sharif (13.6364)
PML-N (13.6364)
could (13.6364)
said (18.1818)
said prime (13.6364)
said minister (13.6364)
Punjab (18.1818)
Punjab The (13.6364)
Punjab office (13.6364)
Punjab Sharif (13.6364)
meeting Sharif (22.7273)
meeting (22.7273)
meeting Shahbaz (13.6364)
decision (18.1818)
chief minister (18.1818)
chief (18.1818)
chief office (13.6364)
chief Sharif (13.6364)
Shahbaz Sharif (27.2727)
Shahbaz (27.2727)
Shahbaz The (18.1818)
Shahbaz prime (13.6364)
party (27.2727)
party office (13.6364)
party Sharif (13.6364)
The (27.2727)
The prime (13.6364)
The office (13.6364)
The Sharif (22.7273)
prime (22.7273)
prime minister (13.6364)
prime office (13.6364)
prime Sharif (18.1818)
minister (22.7273)
minister office (13.6364)
minister Sharif (18.1818)
office (22.7273)
office Sharif (13.6364)
Sharif (45.4545)

America (11.5385)
"We (15.3846)
Afghanistan (11.5385)
devised (11.5385)
country (11.5385)
assured (15.3846)
assured foreign (11.5385)
assured Pakistan's (11.5385)
"The (19.2308)
"The " (11.5385)
foreign (19.2308)
foreign Pakistan's (11.5385)
foreign policy (15.3846)
Trump's (11.5385)
Afghan (15.3846)
Pakistan's (19.2308)
Pakistan's policy (15.3846)
said (23.0769)
said " (19.2308)
said policy (15.3846)
American (15.3846)
American US (11.5385)
assertion (15.3846)
assertion Asif (11.5385)
assertion Pakistan (11.5385)
assertion policy (11.5385)
US (15.3846)
US policy (11.5385)
Asif (19.2308)
Asif policy (15.3846)
Pakistan (26.9231)
Pakistan " (19.2308)
" (53.8462)
" policy (15.3846)
policy (46.1538)
