It (10.2041)
prosecutors (10.2041)
government (10.2041)
five (10.2041)
evidence (10.2041)
also (14.2857)
case (18.3673)
investigation (14.2857)
murder (18.3673)
The (20.4082)

Islamabad (15.9091)
group (13.6364)
state (11.3636)
siege (13.6364)
clerics (15.9091)
electoral (13.6364)
political (15.9091)
It (18.1818)
TLY (15.9091)
The (25)

power (13.9535)
cabinet (11.6279)
prime (13.9535)
Nawaz (13.9535)
The (16.2791)
minister (16.2791)
family (18.6047)
political (20.9302)
party (30.2326)
Sharif (37.2093)

policy (10.1562)
groups (12.5)
militant (14.8438)
The (17.9688)
LeT (18.75)

The (13.4615)
census (15.3846)
rate (15.3846)
Pakistan (13.4615)
growth (19.2308)
population (57.6923)

It (12)
family (10)
campaign (12)
Nawaz (10)
PML-N (10)
Sharif (14)
may (12)
The (14)
political (16)
party (38)

one (11.1111)
But (11.1111)
also (11.1111)
Constitution (13.3333)
democracy (11.1111)
must (11.1111)
democratic (11.1111)
minister (13.3333)
prime (13.3333)
process (11.1111)
dialogue (11.1111)
power (11.1111)
judiciary (13.3333)
institutions (11.1111)
state (11.1111)
chief (13.3333)
justice (13.3333)
It (20)
political (17.7778)
Senate (13.3333)
parliament (24.4444)

Laden’s (10.5263)
members (10.5263)
book (10.5263)
US (10.5263)
Afghanistan (10.5263)
also (15.7895)
The (15.7895)
Pakistani (17.5439)
Pakistan (19.2982)
Qaeda (29.8246)
Laden (29.8246)
Al (38.5965)
Bin (35.0877)

It (10.7143)
law (10.7143)
democratic (10.7143)
But (12.5)
party (10.7143)
parties (12.5)
government (14.2857)
minister (12.5)
The (19.6429)
political (19.6429)

war (12.5)
There (12.5)
military (10.4167)
political (12.5)
American (10.4167)
may (10.4167)
administration (14.5833)
It (14.5833)
The (16.6667)
country (12.5)
Afghanistan (20.8333)
policy (20.8333)
Trump (25)
Afghan (27.0833)
US (37.5)

must (10.7143)
court (10.7143)
lawmakers (10.7143)
one (10.7143)
political (12.5)
tax (16.0714)
The (19.6429)

But (10.4167)
religion (10.4167)
speech (10.4167)
hate (10.4167)
government (10.4167)
sectarian (10.4167)
also (14.5833)
political (16.6667)
The (18.75)
religious (18.75)

establishment (10.9091)
minister (10.9091)
political (16.3636)
security (10.9091)
Nawaz (12.7273)
party (21.8182)
The (23.6364)
Sharif (29.0909)

Sharif’s (11.7647)
may (13.7255)
court (11.7647)
party (11.7647)
political (13.7255)
military (11.7647)
prime (11.7647)
It (15.6863)
minister (13.7255)
Sharif (11.7647)
The (15.6863)

That (11.5385)
London (11.5385)
It (13.4615)
prime (11.5385)
political (13.4615)
The (17.3077)
minister (15.3846)
may (21.1538)
Nawaz (15.3846)
Sharif (21.1538)
party (40.3846)

It (11.3636)
The (11.3636)
parties (11.3636)
Court (11.3636)
Supreme (11.3636)
PML-N (13.6364)
military (13.6364)
court (11.3636)
also (13.6364)
power (15.9091)
crisis (13.6364)
Sharif (13.6364)
may (25)
political (40.9091)

The (11.3636)
leader (11.3636)
family (13.6364)
also (13.6364)
It (20.4545)
former (15.9091)
Nawaz (18.1818)
prime (18.1818)
minister (22.7273)
Sharif (29.5455)
party (29.5455)

But (10.5263)
minister (11.2782)
The (18.0451)
power (17.2932)
Nawaz (17.2932)
military (19.5489)
political (22.5564)
Sharif (21.0526)

Islamabad (11.6279)
It (13.9535)
bilateral (11.6279)
President (11.6279)
Pakistani (11.6279)
countries (13.9535)
Afghanistan (13.9535)
Kabul (16.2791)
meeting (18.6047)
two (16.2791)
Pakistan (20.9302)
Taliban (23.2558)
The (27.907)
Afghan (32.5581)

But (11.3636)
sure (11.3636)
family (13.6364)
power (11.3636)
prime (11.3636)
minister (11.3636)
It (15.9091)
Nawaz (13.6364)
military (13.6364)
The (18.1818)
ruling (15.9091)
establishment (15.9091)
also (20.4545)
political (25)
Sharif (29.5455)

