chances (11.1111)
India (13.3333)
ratio (13.3333)
men (13.3333)
women (15.5556)
The (20)
girls (17.7778)

Indian (10)
defecation (12)
children (10)
toilet (10)
one (12)
people (10)
Pakistan (14)
sanitation (14)
open (18)
problem (12)
The (26)
India (22)

also (10.5263)
Eagle (10.5263)
American (10.5263)
visible (10.5263)
‘modest (10.5263)
identity (10.5263)
even (10.5263)
wear (10.5263)
denim (13.1579)
idea (13.1579)
The (18.4211)
hijab (21.0526)
fashion (26.3158)
women (21.0526)
Muslim (23.6842)

Saima (13.7255)
one (11.7647)
The (11.7647)
Rehman (15.6863)
sister (17.6471)
Sabah (29.4118)

Pakistan (12.1951)
end (12.1951)
many (12.1951)
astrological (12.1951)
destruction (14.6341)
The (21.9512)
eclipse (43.9024)

rains (12.1951)
others (12.1951)
much (12.1951)
Arabian (12.1951)
Sea (12.1951)
The (21.9512)
rain (14.6341)
many (12.1951)
Karachi (17.0732)
city (21.9512)
weather (19.5122)

want (10.2564)
I (15.3846)
many (10.2564)
without (10.2564)
politics (12.8205)
win (20.5128)
daughter (15.3846)
fact (15.3846)
woman (20.5128)
women (30.7692)

TTP (10.8108)
religious (10.8108)
Muslim (10.8108)
Unlike (10.8108)
groups (10.8108)
duty (10.8108)
group (13.5135)
faith (10.8108)
call (10.8108)
The (16.2162)
group’s (16.2162)
female (16.2162)
IS (27.027)
men (29.7297)
women (64.8649)

happiest (12.5)
world (12.5)
happy (12.5)
ranking (12.5)
may (12.5)
At (12.5)
India (12.5)
Report (15.625)
index (15.625)
World (15.625)
possible (15.625)
ranked (15.625)
country (18.75)
number (18.75)
Happiness (18.75)
countries (28.125)
happiness (40.625)

It (11.4286)
new (11.4286)
among (11.4286)
group (11.4286)
magazine (17.1429)
Pakistani (14.2857)
Daesh (14.2857)
may (14.2857)
groups (11.4286)
even (11.4286)
female (14.2857)
The (17.1429)
propaganda (14.2857)
terrorist (17.1429)
women (37.1429)

get (10.5263)
Muslims (10.5263)
could (10.5263)
personal (10.5263)
community (13.1579)
rights (13.1579)
Begum (13.1579)
India (15.7895)
Jehanara (23.6842)
The (18.4211)
female (21.0526)
Indian (21.0526)
qazis (42.1053)
Muslim (47.3684)
women (47.3684)

If (10.2564)
clerics (10.2564)
Saudis (10.2564)
even (12.8205)
prison (10.2564)
Al (10.2564)
drive (12.8205)
new (10.2564)
The (10.2564)
kingdom’s (10.2564)
decree (12.8205)
Arabia (17.9487)
driving (17.9487)
women (23.0769)
Saudi (48.7179)

In (12.1212)
would (12.1212)
administration (12.1212)
even (12.1212)
male (12.1212)
pilgrimage (12.1212)
Saudi (12.1212)
Modi (15.1515)
guardian (15.1515)
India (18.1818)
age (15.1515)
Indian (21.2121)
Haj (21.2121)
45 (21.2121)
Muslim (45.4545)
women (42.4242)

human (11.6279)
The (20.9302)
Nobel (20.9302)
Kyi (23.2558)
Suu (30.2326)

Saqib (10.8108)
In (10.8108)
judges (10.8108)
obtain (10.8108)
first (10.8108)
case (13.5135)
wives (10.8108)
Family (10.8108)
wife (13.5135)
man (13.5135)
second (13.5135)
men (10.8108)
marry (16.2162)
The (21.6216)
polygamy (18.9189)
children (24.3243)
women (24.3243)
permission (29.7297)

It (12.1951)
least (12.1951)
terrorist (12.1951)
one (12.1951)
Finsbury (14.6341)
Park (14.6341)
attacks (12.1951)
The (19.5122)
Muslim (17.0732)
attack (24.3902)
British (21.9512)
Muslims (26.8293)

She (11.1111)
The (11.1111)
Amini (14.8148)
Iran (12.963)

US (12.1212)
time (12.1212)
The (15.1515)
history (12.1212)
subcontinent (12.1212)
items (15.1515)
museum (12.1212)
Iraq (15.1515)
company (15.1515)
art (15.1515)
artefacts (15.1515)
museums (18.1818)
antiquities (24.2424)
Lobby (24.2424)
Hobby (24.2424)

Syrian (11.6279)
woman (16.2791)
The (20.9302)
idea (13.9535)
one (16.2791)
man (18.6047)
men (13.9535)
marriage (23.2558)
women (25.5814)

war (10.5263)
machines (10.5263)
may (10.5263)
one (10.5263)
jobs (10.5263)
military (10.5263)
America (18.4211)
American (18.4211)
The (31.5789)
Trump (23.6842)

