May (11.1111)
He (11.1111)
Comey (11.1111)
Trump (16.6667)
The (22.2222)

It (12.5)
political (12.5)
elections (12.5)
country (12.5)
Pakistan (15.625)
army (15.625)
The (12.5)

judicial (12.1951)
It (14.6341)
Sharif (12.1951)
The (14.6341)
Nawaz (12.1951)

It (10)
Lockwood (10)
past (10)
Lahore’s (12.5)
The (20)
Lahore (35)

He (10.8696)
US (13.0435)
Trump (17.3913)

They (11.3636)

In (11.1111)
The (12.6984)
one (11.1111)
design (22.2222)
interior (28.5714)

The (11.6279)
He (11.6279)
Maryam (16.2791)
Nawaz (13.9535)

Nawaz (10.6383)
Sharif (10.6383)
The (12.766)

He (11.1111)
would (11.1111)
Trump’s (11.1111)
President (13.8889)
Comey (11.1111)
Sharif (11.1111)
Trump (25)

policy (10)
foreign (10)
It (10)
One (10)
country (10)
personal (10)
Sharif (12.5)

The (14.2857)
Nawaz (10.2041)
prime (10.2041)

It (13.8889)
minister (11.1111)
Pakistan (16.6667)

Punjab (12.1951)
The (12.1951)
film (12.1951)
Duleep (17.0732)
Singh (19.5122)

mosque (11.7647)
The (13.7255)
one (13.7255)
Spain (17.6471)

The (10.5263)
one (10.5263)
Supreme (10.5263)
Court (10.5263)
ago (10.5263)
years (13.1579)
Scotland (13.1579)
two (15.7895)

Trump (10.4167)
match (14.5833)
The (12.5)
team (12.5)

population (11.3636)
Jammu (13.6364)
India (13.6364)
Kashmir (25)
The (20.4545)

It (10.2564)
government (10.2564)
elections (10.2564)
The (12.8205)
minister (10.2564)
JIT (10.2564)
Sharif (12.8205)
Nawaz (17.9487)

would (11.1111)
The (12.963)
Babar (16.6667)
Ali (20.3704)

