formula (13.6364)
Abbasi meeting Sharif (13.6364)
Abbasi meeting (13.6364)
Abbasi Sharif (13.6364)
Abbasi (13.6364)
official (13.6364)
Pakistan (18.1818)
claimants party (13.6364)
claimants (13.6364)
Nawaz meeting Sharif (13.6364)
Nawaz meeting (13.6364)
Nawaz Sharif (13.6364)
Nawaz (13.6364)
PML-N minister Sharif (13.6364)
PML-N minister (13.6364)
PML-N Sharif (13.6364)
PML-N (13.6364)
could (13.6364)
said (18.1818)
said prime minister (13.6364)
said prime (13.6364)
said minister (13.6364)
Punjab (18.1818)
Punjab The Sharif (13.6364)
Punjab The (13.6364)
Punjab office (13.6364)
Punjab Sharif (13.6364)
meeting Sharif (22.7273)
meeting (22.7273)
meeting Shahbaz Sharif (13.6364)
meeting Shahbaz (13.6364)
decision (18.1818)
chief minister (18.1818)
chief (18.1818)
chief office minister (13.6364)
chief office (13.6364)
chief Sharif minister (13.6364)
chief Sharif (13.6364)
Shahbaz Sharif (27.2727)
Shahbaz (27.2727)
Shahbaz The Sharif (18.1818)
Shahbaz The (18.1818)
Shahbaz The prime (13.6364)
Shahbaz prime Sharif (13.6364)
Shahbaz prime (13.6364)
party (27.2727)
party office (13.6364)
party Sharif (13.6364)
The (27.2727)
The prime Sharif (13.6364)
The prime (13.6364)
The office Sharif (13.6364)
The office (13.6364)
The Sharif (22.7273)
prime (22.7273)
prime minister (13.6364)
prime office (13.6364)
prime Sharif (18.1818)
minister (22.7273)
minister office (13.6364)
minister Sharif (18.1818)
office (22.7273)
office Sharif (13.6364)
Sharif (45.4545)
