America (11.5385)
"We (15.3846)
Afghanistan (11.5385)
devised (11.5385)
country (11.5385)
assured (15.3846)
assured foreign (11.5385)
assured Pakistan's (11.5385)
"The (19.2308)
"The " (11.5385)
foreign (19.2308)
foreign Pakistan's policy (11.5385)
foreign Pakistan's (11.5385)
foreign policy (15.3846)
Trump's (11.5385)
Afghan (15.3846)
Pakistan's (19.2308)
Pakistan's policy (15.3846)
said (23.0769)
said " (19.2308)
said " policy (11.5385)
said policy (15.3846)
American (15.3846)
American US (11.5385)
assertion (15.3846)
assertion Asif (11.5385)
assertion Pakistan (11.5385)
assertion policy (11.5385)
US (15.3846)
US policy (11.5385)
Asif (19.2308)
Asif policy (15.3846)
Pakistan (26.9231)
Pakistan " (19.2308)
" (53.8462)
" policy (15.3846)
policy (46.1538)
