dismaying (10.3448)
excitement (12.069)
But (12.069)
Afghanistan (10.3448)
Russia (15.5172)
Pakistan (12.069)
us (13.7931)
China (18.9655)
The (18.9655)

But (12)
option (10)
court (10)
may (12)
next (10)
election (10)
could (12)
The (18)
political (12)
elections (20)
Nawaz (18)

The (10)
office (11.4286)
And (12.8571)
Nawaz (22.8571)

enough (11.1111)
new (14.2857)
reforms (14.2857)
The (23.8095)

And (13.5593)
us (10.1695)
militarised (13.5593)
But (11.8644)
Afghanistan (13.5593)
state (16.9492)
lot (13.5593)
The (22.0339)
Pakistan (15.2542)

2018 (10.8696)
Punjab (10.8696)
Zardari (10.8696)
So (10.8696)
2013 (13.0435)
Nawaz (10.8696)
like (13.0435)
PTI (15.2174)
N-League (17.3913)
PPP (17.3913)
PML-N (17.3913)
The (28.2609)

But (12.7273)
GT (10.9091)
Road (10.9091)
boys (10.9091)
The (20)
Nawaz (21.8182)

family (10.9091)
The (12.7273)

like (11.3208)
back (11.3208)
could (16.9811)
The (28.3019)
system (22.6415)
Nawaz (28.3019)

wants (10.5263)
Nawaz (21.0526)

The (15.625)
election (15.625)
leader (12.5)
It (18.75)
Nawaz (12.5)
minister (15.625)
prime (18.75)
party (15.625)
political (25)
Sharif (34.375)
PML-N (31.25)

Raheel (10.7692)
He (12.3077)
chief (13.8462)

Shahbaz (10.6061)
The (13.6364)
Nawaz (28.7879)

2018 (10.8696)
Punjab (10.8696)
Zardari (10.8696)
So (10.8696)
2013 (13.0435)
Nawaz (10.8696)
like (13.0435)
PTI (15.2174)
N-League (17.3913)
PPP (17.3913)
PML-N (17.3913)
The (28.2609)

The (15.0943)
could (11.3208)
Senate (15.0943)
But (11.3208)
party (11.3208)
would (18.8679)
Nawaz (20.7547)

The (12)
report (13.3333)
JIT (21.3333)
Nawaz (22.6667)

shut (11.8644)
If (11.8644)
boys (10.1695)
Nawaz (23.7288)
The (18.6441)

judgement (10)
enough (10)
people (10)
politician (10)
made (10)
politics (12)
But (10)
The (14)
base (14)
cohort (18)
Nawaz (24)

like (11.1111)
back (11.1111)
could (16.6667)
The (29.6296)
system (22.2222)
Nawaz (27.7778)

The (11.4754)
Nawaz (19.6721)

