He (12)
assembly (12)
party said (12)
party fresh (12)
party (12)
population (12)
demanded delimitation (12)
demanded fresh (12)
demanded (12)
consensus (12)
told census (12)
told 2017 (12)
told (12)
lower house (12)
lower seats (12)
lower (12)
agreed fresh (12)
agreed (12)
house seats (12)
house (12)
time elections (12)
time next (12)
time (12)
general elections (12)
general next (12)
general (12)
Thursday (12)
Punjab (12)
increase seats (16)
increase (16)
increase number (12)
decision (16)
decision delimitation (12)
decision fresh (12)
made (16)
made delimitation (12)
made fresh (12)
NA (16)
NA would (12)
NA meeting (12)
NA delimitation (12)
census (24)
census 2017 (16)
elections next (16)
elections (16)
elections fresh (12)
constituencies delimitation (16)
constituencies (16)
constituencies fresh (12)
2017 (20)
held (16)
held next (12)
held meeting (12)
” (24)
” said (12)
” delimitation (12)
number (24)
number seats (20)
number delimitation (16)
number fresh (16)
next (20)
next The (12)
next fresh (12)
Assembly National (16)
Assembly (16)
Assembly Pakistan (12)
Assembly delimitation (12)
Assembly fresh (12)
would (24)
would said (12)
would meeting (12)
would seats (12)
would delimitation (12)
would fresh (16)
Pakistan National (16)
Pakistan (16)
Pakistan fresh (12)
said (36)
said fresh (16)
The (28)
The National (12)
The meeting (12)
The seats (16)
The fresh (12)
National (20)
National seats (12)
National delimitation (12)
National fresh (16)
meeting (20)
seats (40)
seats delimitation (16)
seats fresh (20)
delimitation (36)
delimitation fresh (32)
fresh (44)
