even (10.3448)
much (10.3448)
easier (10.3448)
We (10.3448)
next (10.3448)
It (13.7931)
question (10.3448)
government (10.3448)
Nawaz (10.3448)
society (13.7931)
caste (20.6897)
The (20.6897)

little (12.5)
It (15.625)
youth (18.75)
young (21.875)
people (25)

lynching (11.1111)
But (11.1111)
ideas (13.8889)
Mashal (11.1111)
students (11.1111)
generation’ (11.1111)
young (11.1111)
The (19.4444)

much (10.8108)
Fata (10.8108)
system (10.8108)
even (13.5135)
power (16.2162)

But (10)
Pakistan (10)
major (10)
relations (10)
Game (10)
Great (10)
Afghanistan (10)
Union (10)
Iran (13.3333)
us (10)
change (10)
make (10)
India (16.6667)
also (10)
decades (10)
US (16.6667)
countries (10)
In (13.3333)
global (13.3333)
political (13.3333)
China (20)
The (16.6667)

But (11.5385)
list (11.5385)
office (11.5385)
‘public (11.5385)
politicians (11.5385)
I (11.5385)
lives (11.5385)
never (11.5385)
rule (11.5385)
opinion’ (15.3846)
ago (11.5385)
emperor’s (11.5385)
even (15.3846)
minister (15.3846)
prime (15.3846)
back (11.5385)
go (11.5385)
system (19.2308)

Indian (11.7647)
society (11.7647)
India’s (11.7647)
fact (11.7647)
country (11.7647)
Kumar (14.7059)
like (14.7059)
In (14.7059)
political (14.7059)
people (11.7647)
Sangh (14.7059)
India (23.5294)

Pakistan (11.1111)
state (11.1111)
rentier (11.1111)
recent (11.1111)
I (11.1111)
countries (11.1111)
support (11.1111)
rulers (11.1111)
Pakistan’s (11.1111)
game (11.1111)
PPP (11.1111)
world (11.1111)
would (11.1111)
establishment (11.1111)
In (11.1111)
people (14.8148)
many (14.8148)
making (11.1111)
power (14.8148)
one (14.8148)

elected (13.6364)
prime (13.6364)
minister (13.6364)
Pakistan (18.1818)
land (18.1818)
ever (13.6364)
rights (13.6364)
Nawaz (18.1818)
like (13.6364)
people (22.7273)
state (22.7273)
power (22.7273)
Sharif (27.2727)

The (10.3448)
alienation (10.3448)
Gwadar (10.3448)
society (10.3448)
long (10.3448)
Yet (10.3448)
power (10.3448)
Pakistani (10.3448)
political (10.3448)
In (10.3448)
one (10.3448)
another (13.7931)
violence (13.7931)
This (13.7931)
past (13.7931)
Baloch (20.6897)
politics (24.1379)
hate (44.8276)

I (15.1515)
‘greatness’ (12.1212)
people (12.1212)
great (27.2727)
The (18.1818)

much (11.1111)
solidarity (11.1111)
Pakistanis (11.1111)
Muslims (11.1111)
But (11.1111)
stand (11.1111)
silent (11.1111)
Sri (11.1111)
within (11.1111)
silence (11.1111)
military (11.1111)
Pakistani (11.1111)
Myanmar (11.1111)
separatist (11.1111)
movement (11.1111)
world (14.8148)
Xinjiang (11.1111)
Uighur (11.1111)
Rohingyas (14.8148)
communities (18.5185)
ethnic (14.8148)
The (14.8148)
state (25.9259)

violence (16.129)
reactionary (12.9032)
US (16.129)
America (16.129)
political (12.9032)
American (12.9032)
world (19.3548)
era (19.3548)
Trump (19.3548)

imperative (12.9032)
ecological (12.9032)
But (12.9032)
Western (12.9032)
world (22.5806)
model (16.129)
resources (16.129)

It (11.4286)
The (11.4286)
time (11.4286)
years (11.4286)
TV (11.4286)
Musharraf’s (14.2857)
little (11.4286)
political (17.1429)
Musharraf (40)

violence (14.2857)
time (14.2857)
political (11.4286)
The (17.1429)
communism (11.4286)
one (17.1429)
would (11.4286)
state (20)

These (10.3448)
‘educated’ (10.3448)
story (10.3448)
even (10.3448)
history (10.3448)
societies (10.3448)
democracy (10.3448)
segments (10.3448)
privilege (10.3448)
Western (10.3448)
committed (10.3448)
process (10.3448)
people’ (10.3448)
‘the (10.3448)
class (10.3448)
far (10.3448)
The (20.6897)
democratisation (13.7931)
society (17.2414)
state (13.7931)
bourgeoisie (41.3793)

like (12)
fact (12)
brain (12)
stop (12)
country (12)
Mussolini (12)
Gramsci (12)
years (16)
new (16)
The (20)
working (16)
Pakistani (20)
ideas (16)
state (28)
left (24)

civil (10.7143)
society (14.2857)
realm (10.7143)
lawyers (10.7143)
economic (10.7143)
legal (10.7143)
movement (14.2857)
Marx (10.7143)
‘free (17.8571)
market’ (17.8571)
fraternity (14.2857)
political (17.8571)
state (21.4286)
society’ (60.7143)
‘civil (60.7143)

states (10)
We (10)
would (10)
map (10)
It (13.3333)
I (10)
The (13.3333)
Durand (13.3333)
Line (13.3333)
British (13.3333)
one (16.6667)
much (10)
Pakistani (16.6667)
In (13.3333)
state (23.3333)
Pakistan (13.3333)
people (20)
border (26.6667)
Afghanistan (26.6667)

