He (12)
assembly (12)
party (12)
population (12)
demanded (12)
consensus (12)
told (12)
lower (12)
agreed (12)
house (12)
time (12)
general (12)
Thursday (12)
Punjab (12)
increase (16)
decision (16)
made (16)
NA (16)
census (24)
elections (16)
constituencies (16)
2017 (20)
held (16)
” (24)
number (24)
next (20)
Assembly (16)
would (24)
Pakistan (16)
said (36)
The (28)
National (20)
meeting (20)
seats (40)
delimitation (36)
fresh (44)

formula (13.6364)
Abbasi (13.6364)
official (13.6364)
Pakistan (18.1818)
claimants (13.6364)
Nawaz (13.6364)
PML-N (13.6364)
could (13.6364)
said (18.1818)
Punjab (18.1818)
meeting (22.7273)
decision (18.1818)
chief (18.1818)
Shahbaz (27.2727)
party (27.2727)
The (27.2727)
prime (22.7273)
minister (22.7273)
office (22.7273)
Sharif (45.4545)

America (11.5385)
"We (15.3846)
Afghanistan (11.5385)
devised (11.5385)
country (11.5385)
assured (15.3846)
"The (19.2308)
foreign (19.2308)
Trump's (11.5385)
Afghan (15.3846)
Pakistan's (19.2308)
said (23.0769)
American (15.3846)
assertion (15.3846)
US (15.3846)
Asif (19.2308)
Pakistan (26.9231)
" (53.8462)
policy (46.1538)
